<?xml version="1.0" encoding="UTF-8"?>
<!-- Generated by org.testng.reporters.JUnitReportReporter -->
<testsuite hostname="DESKTOP-DSBT63E" failures="0" tests="1" name="com.cucumber.TestRunner.AdminApplicationTitleRunner" time="9.713" errors="0" timestamp="14 Mar 2024 05:51:39 GMT">
  <testcase classname="com.cucumber.TestRunner.AdminApplicationTitleRunner" name="feature" time="9.713"/>
</testsuite> <!-- com.cucumber.TestRunner.AdminApplicationTitleRunner -->
