<?xml version="1.0" encoding="UTF-8"?>
<!-- Generated by org.testng.reporters.JUnitReportReporter -->
<testsuite hostname="DESKTOP-DSBT63E" failures="0" tests="1" name="com.cucumber.TestRunner.AdminCertificateApprovalsRunner" time="21.468" errors="0" timestamp="26 Mar 2024 09:42:21 GMT">
  <testcase classname="com.cucumber.TestRunner.AdminCertificateApprovalsRunner" name="feature" time="21.468"/>
</testsuite> <!-- com.cucumber.TestRunner.AdminCertificateApprovalsRunner -->
