<?xml version="1.0" encoding="UTF-8"?>
<!-- Generated by org.testng.reporters.JUnitReportReporter -->
<testsuite hostname="DESKTOP-DSBT63E" failures="0" tests="1" name="com.cucumber.TestRunner.UserGenSingleByUploadingDOCfileRunner" time="50.419" errors="0" timestamp="15 Mar 2024 06:17:32 GMT">
  <testcase classname="com.cucumber.TestRunner.UserGenSingleByUploadingDOCfileRunner" name="feature" time="50.419"/>
</testsuite> <!-- com.cucumber.TestRunner.UserGenSingleByUploadingDOCfileRunner -->
