<?xml version="1.0" encoding="UTF-8"?>
<!-- Generated by org.testng.reporters.JUnitReportReporter -->
<testsuite hostname="DESKTOP-DSBT63E" failures="0" tests="1" name="com.cucumber.TestRunner.UserBulkWithoutApprovalRunner" time="71.279" errors="0" timestamp="19 Mar 2024 09:52:10 GMT">
  <testcase classname="com.cucumber.TestRunner.UserBulkWithoutApprovalRunner" name="feature" time="71.279"/>
</testsuite> <!-- com.cucumber.TestRunner.UserBulkWithoutApprovalRunner -->
