<?xml version="1.0" encoding="UTF-8"?>
<!-- Generated by org.testng.reporters.JUnitReportReporter -->
<testsuite hostname="DESKTOP-DSBT63E" failures="0" tests="1" name="com.cucumber.TestRunner.UserBulkByUploadingCombinationOffilesRunner" time="43.446" errors="0" timestamp="15 Mar 2024 05:10:53 GMT">
  <testcase classname="com.cucumber.TestRunner.UserBulkByUploadingCombinationOffilesRunner" name="feature" time="43.446"/>
</testsuite> <!-- com.cucumber.TestRunner.UserBulkByUploadingCombinationOffilesRunner -->
