<?xml version="1.0" encoding="UTF-8"?>
<!-- Generated by org.testng.reporters.JUnitReportReporter -->
<testsuite hostname="DESKTOP-DSBT63E" failures="0" tests="1" name="com.cucumber.TestRunner.AdminWelcomeTextRunner" time="8.966" errors="0" timestamp="14 Mar 2024 10:37:24 GMT">
  <testcase classname="com.cucumber.TestRunner.AdminWelcomeTextRunner" name="feature" time="8.966"/>
</testsuite> <!-- com.cucumber.TestRunner.AdminWelcomeTextRunner -->
