<?xml version="1.0" encoding="UTF-8"?>
<!-- Generated by org.testng.reporters.JUnitReportReporter -->
<testsuite hostname="DESKTOP-DSBT63E" failures="0" tests="1" name="com.cucumber.TestRunner.AdminRecentCertificateGenerationsandVerificationsSendMailRunner" time="25.009" errors="0" timestamp="15 Mar 2024 05:01:06 GMT">
  <testcase classname="com.cucumber.TestRunner.AdminRecentCertificateGenerationsandVerificationsSendMailRunner" name="feature" time="25.009"/>
</testsuite> <!-- com.cucumber.TestRunner.AdminRecentCertificateGenerationsandVerificationsSendMailRunner -->
