<?xml version="1.0" encoding="UTF-8"?>
<!-- Generated by org.testng.reporters.JUnitReportReporter -->
<testsuite hostname="DESKTOP-DSBT63E" failures="0" tests="1" name="com.cucumber.TestRunner.UserBulkByUploadingDOCfileRunner" time="22.761" errors="0" timestamp="21 Mar 2024 05:06:57 GMT">
  <testcase classname="com.cucumber.TestRunner.UserBulkByUploadingDOCfileRunner" name="feature" time="22.761"/>
</testsuite> <!-- com.cucumber.TestRunner.UserBulkByUploadingDOCfileRunner -->
