<?xml version="1.0" encoding="UTF-8"?>
<!-- Generated by org.testng.reporters.JUnitReportReporter -->
<testsuite hostname="DESKTOP-DSBT63E" failures="0" tests="1" name="com.cucumber.TestRunner.UserLaunchTheApplicationRunner" time="0.871" errors="0" timestamp="15 Mar 2024 12:48:20 GMT">
  <testcase classname="com.cucumber.TestRunner.UserLaunchTheApplicationRunner" name="feature" time="0.871"/>
</testsuite> <!-- com.cucumber.TestRunner.UserLaunchTheApplicationRunner -->
