<?xml version="1.0" encoding="UTF-8"?>
<!-- Generated by org.testng.reporters.JUnitReportReporter -->
<testsuite hostname="DESKTOP-DSBT63E" failures="0" tests="1" name="com.cucumber.TestRunner.AdminRateContractListRunner" time="32.438" errors="0" timestamp="21 Mar 2024 06:08:02 GMT">
  <testcase classname="com.cucumber.TestRunner.AdminRateContractListRunner" name="feature" time="32.438"/>
</testsuite> <!-- com.cucumber.TestRunner.AdminRateContractListRunner -->
