<?xml version="1.0" encoding="UTF-8"?>
<!-- Generated by org.testng.reporters.JUnitReportReporter -->
<testsuite hostname="DESKTOP-DSBT63E" failures="0" tests="1" name="com.cucumber.TestRunner.UserInternalPrintingCSVFileWithSpacesandDotsRunner" time="16.991" errors="0" timestamp="15 Mar 2024 09:30:46 GMT">
  <testcase classname="com.cucumber.TestRunner.UserInternalPrintingCSVFileWithSpacesandDotsRunner" name="feature" time="16.991"/>
</testsuite> <!-- com.cucumber.TestRunner.UserInternalPrintingCSVFileWithSpacesandDotsRunner -->
