<?xml version="1.0" encoding="UTF-8"?>
<!-- Generated by org.testng.reporters.JUnitReportReporter -->
<testsuite hostname="DESKTOP-DSBT63E" failures="0" tests="1" name="com.cucumber.TestRunner.AdminRecentCertificateGenerationsRecallRunner" time="23.561" errors="0" timestamp="20 Mar 2024 08:19:30 GMT">
  <testcase classname="com.cucumber.TestRunner.AdminRecentCertificateGenerationsRecallRunner" name="feature" time="23.561"/>
</testsuite> <!-- com.cucumber.TestRunner.AdminRecentCertificateGenerationsRecallRunner -->
