<?xml version="1.0" encoding="UTF-8"?>
<!-- Generated by org.testng.reporters.JUnitReportReporter -->
<testsuite hostname="DESKTOP-DSBT63E" failures="0" tests="1" name="com.cucumber.TestRunner.OrgSalesReceiptsRunner" time="79.951" errors="0" timestamp="19 Mar 2024 10:56:38 GMT">
  <testcase classname="com.cucumber.TestRunner.OrgSalesReceiptsRunner" name="feature" time="79.951"/>
</testsuite> <!-- com.cucumber.TestRunner.OrgSalesReceiptsRunner -->
