<?xml version="1.0" encoding="UTF-8"?>
<!-- Generated by org.testng.reporters.JUnitReportReporter -->
<testsuite hostname="DESKTOP-DSBT63E" failures="0" tests="1" name="com.cucumber.TestRunner.UserBulkByUploadingDOCXfileRunner" time="24.447" errors="0" timestamp="15 Mar 2024 06:15:00 GMT">
  <testcase classname="com.cucumber.TestRunner.UserBulkByUploadingDOCXfileRunner" name="feature" time="24.447"/>
</testsuite> <!-- com.cucumber.TestRunner.UserBulkByUploadingDOCXfileRunner -->
