<?xml version="1.0" encoding="UTF-8"?>
<!-- Generated by org.testng.reporters.JUnitReportReporter -->
<testsuite hostname="DESKTOP-DSBT63E" failures="0" tests="1" name="com.cucumber.TestRunner.UserRecentCertificateGenerationsRunner" time="16.470" errors="0" timestamp="15 Mar 2024 13:05:17 GMT">
  <testcase classname="com.cucumber.TestRunner.UserRecentCertificateGenerationsRunner" name="feature" time="16.470"/>
</testsuite> <!-- com.cucumber.TestRunner.UserRecentCertificateGenerationsRunner -->
