<?xml version="1.0" encoding="UTF-8"?>
<!-- Generated by org.testng.reporters.JUnitReportReporter -->
<testsuite hostname="DESKTOP-DSBT63E" failures="0" tests="1" name="com.cucumber.TestRunner.AdminRecentCertificateGenerationsRevokeRunner" time="21.480" errors="0" timestamp="14 Mar 2024 10:02:51 GMT">
  <testcase classname="com.cucumber.TestRunner.AdminRecentCertificateGenerationsRevokeRunner" name="feature" time="21.480"/>
</testsuite> <!-- com.cucumber.TestRunner.AdminRecentCertificateGenerationsRevokeRunner -->
