<?xml version="1.0" encoding="UTF-8"?>
<!-- Generated by org.testng.reporters.JUnitReportReporter -->
<testsuite hostname="DESKTOP-DSBT63E" failures="0" tests="1" name="com.cucumber.TestRunner.UserBulkByUploadingDOCXfileRunner" time="23.017" errors="0" timestamp="21 Mar 2024 05:28:06 GMT">
  <testcase classname="com.cucumber.TestRunner.UserBulkByUploadingDOCXfileRunner" name="feature" time="23.017"/>
</testsuite> <!-- com.cucumber.TestRunner.UserBulkByUploadingDOCXfileRunner -->
