<?xml version="1.0" encoding="UTF-8"?>
<!-- Generated by org.testng.reporters.JUnitReportReporter -->
<testsuite hostname="DESKTOP-DSBT63E" failures="0" tests="1" name="com.cucumber.TestRunner.UserBacktotopbuttonRunner" time="19.382" errors="0" timestamp="14 Mar 2024 11:01:52 GMT">
  <testcase classname="com.cucumber.TestRunner.UserBacktotopbuttonRunner" name="feature" time="19.382"/>
</testsuite> <!-- com.cucumber.TestRunner.UserBacktotopbuttonRunner -->
