<?xml version="1.0" encoding="UTF-8"?>
<!-- Generated by org.testng.reporters.JUnitReportReporter -->
<testsuite hostname="DESKTOP-DSBT63E" failures="0" tests="1" name="com.cucumber.TestRunner.AdminRecentCertificateGenerationsRevokeRunner" time="21.378" errors="0" timestamp="20 Mar 2024 06:24:28 GMT">
  <testcase classname="com.cucumber.TestRunner.AdminRecentCertificateGenerationsRevokeRunner" name="feature" time="21.378"/>
</testsuite> <!-- com.cucumber.TestRunner.AdminRecentCertificateGenerationsRevokeRunner -->
