<?xml version="1.0" encoding="UTF-8"?>
<!-- Generated by org.testng.reporters.JUnitReportReporter -->
<testsuite hostname="DESKTOP-DSBT63E" failures="0" tests="1" name="com.cucumber.TestRunner.AdminRecentCertificateGenerationsandVerificationsSendMailRunner" time="23.863" errors="0" timestamp="20 Mar 2024 06:24:28 GMT">
  <testcase classname="com.cucumber.TestRunner.AdminRecentCertificateGenerationsandVerificationsSendMailRunner" name="feature" time="23.863"/>
</testsuite> <!-- com.cucumber.TestRunner.AdminRecentCertificateGenerationsandVerificationsSendMailRunner -->
