<?xml version="1.0" encoding="UTF-8"?>
<!-- Generated by org.testng.reporters.JUnitReportReporter -->
<testsuite hostname="DESKTOP-DSBT63E" failures="0" tests="1" name="com.cucumber.TestRunner.AdminVerifiedCertificatesRunner" time="55.107" errors="0" timestamp="14 Mar 2024 10:35:37 GMT">
  <testcase classname="com.cucumber.TestRunner.AdminVerifiedCertificatesRunner" name="feature" time="55.107"/>
</testsuite> <!-- com.cucumber.TestRunner.AdminVerifiedCertificatesRunner -->
