<?xml version="1.0" encoding="UTF-8"?>
<!-- Generated by org.testng.reporters.JUnitReportReporter -->
<testsuite hostname="DESKTOP-DSBT63E" failures="0" tests="1" name="com.cucumber.TestRunner.OrgMgmtViewInstitutionsRunner" time="72.808" errors="0" timestamp="26 Mar 2024 09:37:32 GMT">
  <testcase classname="com.cucumber.TestRunner.OrgMgmtViewInstitutionsRunner" name="feature" time="72.808"/>
</testsuite> <!-- com.cucumber.TestRunner.OrgMgmtViewInstitutionsRunner -->
