<?xml version="1.0" encoding="UTF-8"?>
<!-- Generated by org.testng.reporters.JUnitReportReporter -->
<testsuite hostname="DESKTOP-DSBT63E" failures="0" tests="1" name="com.cucumber.TestRunner.AdminNewMailEditRunner" time="25.486" errors="0" timestamp="14 Mar 2024 07:58:29 GMT">
  <testcase classname="com.cucumber.TestRunner.AdminNewMailEditRunner" name="feature" time="25.486"/>
</testsuite> <!-- com.cucumber.TestRunner.AdminNewMailEditRunner -->
