<?xml version="1.0" encoding="UTF-8"?>
<!-- Generated by org.testng.reporters.JUnitReportReporter -->
<testsuite hostname="DESKTOP-DSBT63E" failures="0" tests="1" name="com.cucumber.TestRunner.AdminCreditsListRunner" time="16.119" errors="0" timestamp="14 Mar 2024 07:37:20 GMT">
  <testcase classname="com.cucumber.TestRunner.AdminCreditsListRunner" name="feature" time="16.119"/>
</testsuite> <!-- com.cucumber.TestRunner.AdminCreditsListRunner -->
