<?xml version="1.0" encoding="UTF-8"?>
<!-- Generated by org.testng.reporters.JUnitReportReporter -->
<testsuite hostname="DESKTOP-DSBT63E" failures="0" tests="1" name="com.cucumber.TestRunner.UserVerifyCertificatesRunner" time="37.814" errors="0" timestamp="18 Mar 2024 09:12:57 GMT">
  <testcase classname="com.cucumber.TestRunner.UserVerifyCertificatesRunner" name="feature" time="37.814"/>
</testsuite> <!-- com.cucumber.TestRunner.UserVerifyCertificatesRunner -->
