<?xml version="1.0" encoding="UTF-8"?>
<!-- Generated by org.testng.reporters.JUnitReportReporter -->
<testsuite hostname="DESKTOP-DSBT63E" failures="0" tests="1" name="com.cucumber.TestRunner.AdminUpdateProfileRunner" time="28.608" errors="0" timestamp="14 Mar 2024 10:08:40 GMT">
  <testcase classname="com.cucumber.TestRunner.AdminUpdateProfileRunner" name="feature" time="28.608"/>
</testsuite> <!-- com.cucumber.TestRunner.AdminUpdateProfileRunner -->
