<?xml version="1.0" encoding="UTF-8"?>
<!-- Generated by org.testng.reporters.JUnitReportReporter -->
<testsuite hostname="DESKTOP-DSBT63E" failures="0" tests="1" name="com.cucumber.TestRunner.UserInternalPrintingRunner" time="40.097" errors="0" timestamp="19 Mar 2024 07:59:33 GMT">
  <testcase classname="com.cucumber.TestRunner.UserInternalPrintingRunner" name="feature" time="40.097"/>
</testsuite> <!-- com.cucumber.TestRunner.UserInternalPrintingRunner -->
