<?xml version="1.0" encoding="UTF-8"?>
<!-- Generated by org.testng.reporters.JUnitReportReporter -->
<testsuite hostname="DESKTOP-DSBT63E" failures="0" tests="1" name="com.cucumber.TestRunner.UserRecentCertificateGenerationsRevokeRunner" time="20.844" errors="0" timestamp="15 Mar 2024 12:59:53 GMT">
  <testcase classname="com.cucumber.TestRunner.UserRecentCertificateGenerationsRevokeRunner" name="feature" time="20.844"/>
</testsuite> <!-- com.cucumber.TestRunner.UserRecentCertificateGenerationsRevokeRunner -->
