<?xml version="1.0" encoding="UTF-8"?>
<!-- Generated by org.testng.reporters.JUnitReportReporter -->
<testsuite hostname="DESKTOP-DSBT63E" failures="0" tests="1" name="com.cucumber.TestRunner.UserNewMailEditRunner" time="22.147" errors="0" timestamp="15 Mar 2024 09:38:37 GMT">
  <testcase classname="com.cucumber.TestRunner.UserNewMailEditRunner" name="feature" time="22.147"/>
</testsuite> <!-- com.cucumber.TestRunner.UserNewMailEditRunner -->
