<?xml version="1.0" encoding="UTF-8"?>
<!-- Generated by org.testng.reporters.JUnitReportReporter -->
<testsuite hostname="DESKTOP-DSBT63E" failures="0" tests="1" name="com.cucumber.TestRunner.AdminAddCertificateNameRunner" time="27.651" errors="0" timestamp="21 Mar 2024 05:03:31 GMT">
  <testcase classname="com.cucumber.TestRunner.AdminAddCertificateNameRunner" name="feature" time="27.651"/>
</testsuite> <!-- com.cucumber.TestRunner.AdminAddCertificateNameRunner -->
