<?xml version="1.0" encoding="UTF-8"?>
<!-- Generated by org.testng.reporters.JUnitReportReporter -->
<testsuite hostname="DESKTOP-DSBT63E" failures="0" tests="1" name="com.cucumber.TestRunner.UserInternalPrintingwithoutuploadingCSVfileRunner" time="32.221" errors="0" timestamp="15 Mar 2024 09:34:19 GMT">
  <testcase classname="com.cucumber.TestRunner.UserInternalPrintingwithoutuploadingCSVfileRunner" name="feature" time="32.221"/>
</testsuite> <!-- com.cucumber.TestRunner.UserInternalPrintingwithoutuploadingCSVfileRunner -->
