<?xml version="1.0" encoding="UTF-8"?>
<!-- Generated by org.testng.reporters.JUnitReportReporter -->
<testsuite hostname="DESKTOP-DSBT63E" failures="0" tests="1" name="com.cucumber.TestRunner.AdminUpdateInstitutionRunner" time="31.320" errors="0" timestamp="14 Mar 2024 10:06:59 GMT">
  <testcase classname="com.cucumber.TestRunner.AdminUpdateInstitutionRunner" name="feature" time="31.320"/>
</testsuite> <!-- com.cucumber.TestRunner.AdminUpdateInstitutionRunner -->
