<?xml version="1.0" encoding="UTF-8"?>
<!-- Generated by org.testng.reporters.JUnitReportReporter -->
<testsuite hostname="DESKTOP-DSBT63E" failures="0" tests="1" name="com.cucumber.TestRunner.UserVerifyCertificatesWithEmptyAcademicRefNumfieldRunner" time="26.077" errors="0" timestamp="18 Mar 2024 09:30:07 GMT">
  <testcase classname="com.cucumber.TestRunner.UserVerifyCertificatesWithEmptyAcademicRefNumfieldRunner" name="feature" time="26.077"/>
</testsuite> <!-- com.cucumber.TestRunner.UserVerifyCertificatesWithEmptyAcademicRefNumfieldRunner -->
