<?xml version="1.0" encoding="UTF-8"?>
<!-- Generated by org.testng.reporters.JUnitReportReporter -->
<testsuite hostname="DESKTOP-DSBT63E" failures="0" tests="1" name="com.cucumber.TestRunner.AdminNewMailEditRunner" time="25.547" errors="0" timestamp="21 Mar 2024 06:04:23 GMT">
  <testcase classname="com.cucumber.TestRunner.AdminNewMailEditRunner" name="feature" time="25.547"/>
</testsuite> <!-- com.cucumber.TestRunner.AdminNewMailEditRunner -->
