<?xml version="1.0" encoding="UTF-8"?>
<!-- Generated by org.testng.reporters.JUnitReportReporter -->
<testsuite hostname="DESKTOP-DSBT63E" failures="0" tests="1" name="com.cucumber.TestRunner.AdminChangePasswordRunner" time="41.079" errors="0" timestamp="26 Mar 2024 09:32:59 GMT">
  <testcase classname="com.cucumber.TestRunner.AdminChangePasswordRunner" name="feature" time="41.079"/>
</testsuite> <!-- com.cucumber.TestRunner.AdminChangePasswordRunner -->
