<?xml version="1.0" encoding="UTF-8"?>
<!-- Generated by org.testng.reporters.JUnitReportReporter -->
<testsuite hostname="DESKTOP-DSBT63E" failures="0" tests="1" name="com.cucumber.TestRunner.ApprovalSettingsRunner" time="32.201" errors="0" timestamp="14 Mar 2024 10:39:40 GMT">
  <testcase classname="com.cucumber.TestRunner.ApprovalSettingsRunner" name="feature" time="32.201"/>
</testsuite> <!-- com.cucumber.TestRunner.ApprovalSettingsRunner -->
