<?xml version="1.0" encoding="UTF-8"?>
<!-- Generated by org.testng.reporters.JUnitReportReporter -->
<testsuite hostname="DESKTOP-DSBT63E" failures="0" tests="1" name="com.cucumber.TestRunner.UserGenSingleEmailWithMultipleSpecialcharectersRunner" time="37.504" errors="0" timestamp="15 Mar 2024 07:37:52 GMT">
  <testcase classname="com.cucumber.TestRunner.UserGenSingleEmailWithMultipleSpecialcharectersRunner" name="feature" time="37.504"/>
</testsuite> <!-- com.cucumber.TestRunner.UserGenSingleEmailWithMultipleSpecialcharectersRunner -->
