<?xml version="1.0" encoding="UTF-8"?>
<!-- Generated by org.testng.reporters.JUnitReportReporter -->
<testsuite hostname="DESKTOP-DSBT63E" failures="0" tests="1" name="com.cucumber.TestRunner.UserBulkDashboardLinkRunner" time="19.604" errors="0" timestamp="20 Mar 2024 12:53:18 GMT">
  <testcase classname="com.cucumber.TestRunner.UserBulkDashboardLinkRunner" name="feature" time="19.604"/>
</testsuite> <!-- com.cucumber.TestRunner.UserBulkDashboardLinkRunner -->
