<?xml version="1.0" encoding="UTF-8"?>
<!-- Generated by org.testng.reporters.JUnitReportReporter -->
<testsuite hostname="DESKTOP-DSBT63E" failures="0" tests="1" name="com.cucumber.TestRunner.UserBulkGeneratedCertficatesRunner" time="22.734" errors="0" timestamp="15 Mar 2024 05:23:21 GMT">
  <testcase classname="com.cucumber.TestRunner.UserBulkGeneratedCertficatesRunner" name="feature" time="22.734"/>
</testsuite> <!-- com.cucumber.TestRunner.UserBulkGeneratedCertficatesRunner -->
