<?xml version="1.0" encoding="UTF-8"?>
<!-- Generated by org.testng.reporters.JUnitReportReporter -->
<testsuite hostname="DESKTOP-DSBT63E" failures="0" tests="1" name="com.cucumber.TestRunner.UserRecentCertificateGenerationsRevokeRunner" time="18.162" errors="0" timestamp="20 Mar 2024 08:19:30 GMT">
  <testcase classname="com.cucumber.TestRunner.UserRecentCertificateGenerationsRevokeRunner" name="feature" time="18.162"/>
</testsuite> <!-- com.cucumber.TestRunner.UserRecentCertificateGenerationsRevokeRunner -->
