<?xml version="1.0" encoding="UTF-8"?>
<!-- Generated by org.testng.reporters.JUnitReportReporter -->
<testsuite hostname="DESKTOP-DSBT63E" failures="0" tests="1" name="com.cucumber.TestRunner.UserGenSingleBygivingFutureMonthandYearRunner" time="37.284" errors="0" timestamp="15 Mar 2024 05:46:56 GMT">
  <testcase classname="com.cucumber.TestRunner.UserGenSingleBygivingFutureMonthandYearRunner" name="feature" time="37.284"/>
</testsuite> <!-- com.cucumber.TestRunner.UserGenSingleBygivingFutureMonthandYearRunner -->
