<?xml version="1.0" encoding="UTF-8"?>
<!-- Generated by org.testng.reporters.JUnitReportReporter -->
<testsuite hostname="DESKTOP-DSBT63E" failures="0" tests="1" name="com.cucumber.TestRunner.UserBulkDashboardLinkRunner" time="21.374" errors="0" timestamp="15 Mar 2024 05:12:51 GMT">
  <testcase classname="com.cucumber.TestRunner.UserBulkDashboardLinkRunner" name="feature" time="21.374"/>
</testsuite> <!-- com.cucumber.TestRunner.UserBulkDashboardLinkRunner -->
