<?xml version="1.0" encoding="UTF-8"?>
<!-- Generated by org.testng.reporters.JUnitReportReporter -->
<testsuite hostname="DESKTOP-DSBT63E" failures="0" tests="1" name="com.cucumber.TestRunner.UserRecentCertificateVerificationsRunner" time="21.874" errors="0" timestamp="15 Mar 2024 13:15:43 GMT">
  <testcase classname="com.cucumber.TestRunner.UserRecentCertificateVerificationsRunner" name="feature" time="21.874"/>
</testsuite> <!-- com.cucumber.TestRunner.UserRecentCertificateVerificationsRunner -->
