<?xml version="1.0" encoding="UTF-8"?>
<!-- Generated by org.testng.reporters.JUnitReportReporter -->
<testsuite hostname="DESKTOP-DSBT63E" failures="0" tests="1" name="com.cucumber.TestRunner.AdminReceiptsRunner" time="46.305" errors="0" timestamp="26 Mar 2024 09:32:59 GMT">
  <testcase classname="com.cucumber.TestRunner.AdminReceiptsRunner" name="feature" time="46.305"/>
</testsuite> <!-- com.cucumber.TestRunner.AdminReceiptsRunner -->
