<?xml version="1.0" encoding="UTF-8"?>
<!-- Generated by org.testng.reporters.JUnitReportReporter -->
<testsuite hostname="DESKTOP-DSBT63E" failures="0" tests="1" name="com.cucumber.TestRunner.UserBulkWithoutSelectingCertificatetypeRunner" time="18.452" errors="0" timestamp="15 Mar 2024 05:32:59 GMT">
  <testcase classname="com.cucumber.TestRunner.UserBulkWithoutSelectingCertificatetypeRunner" name="feature" time="18.452"/>
</testsuite> <!-- com.cucumber.TestRunner.UserBulkWithoutSelectingCertificatetypeRunner -->
