<?xml version="1.0" encoding="UTF-8"?>
<!-- Generated by org.testng.reporters.JUnitReportReporter -->
<testsuite hostname="DESKTOP-DSBT63E" failures="0" tests="1" name="com.cucumber.TestRunner.OrgMgmtViewInstitutionsRunner" time="69.375" errors="0" timestamp="14 Mar 2024 05:10:29 GMT">
  <testcase classname="com.cucumber.TestRunner.OrgMgmtViewInstitutionsRunner" name="feature" time="69.375"/>
</testsuite> <!-- com.cucumber.TestRunner.OrgMgmtViewInstitutionsRunner -->
