<?xml version="1.0" encoding="UTF-8"?>
<!-- Generated by org.testng.reporters.JUnitReportReporter -->
<testsuite hostname="DESKTOP-DSBT63E" failures="0" tests="1" name="com.cucumber.TestRunner.UserVerificationURLRunner" time="12.110" errors="0" timestamp="18 Mar 2024 05:08:35 GMT">
  <testcase classname="com.cucumber.TestRunner.UserVerificationURLRunner" name="feature" time="12.110"/>
</testsuite> <!-- com.cucumber.TestRunner.UserVerificationURLRunner -->
