<?xml version="1.0" encoding="UTF-8"?>
<!-- Generated by org.testng.reporters.JUnitReportReporter -->
<testsuite hostname="DESKTOP-DSBT63E" failures="0" tests="1" name="com.cucumber.TestRunner.AdminGeneratedCertificatesRunner" time="67.282" errors="0" timestamp="14 Mar 2024 07:45:46 GMT">
  <testcase classname="com.cucumber.TestRunner.AdminGeneratedCertificatesRunner" name="feature" time="67.282"/>
</testsuite> <!-- com.cucumber.TestRunner.AdminGeneratedCertificatesRunner -->
