<?xml version="1.0" encoding="UTF-8"?>
<!-- Generated by org.testng.reporters.JUnitReportReporter -->
<testsuite hostname="DESKTOP-DSBT63E" failures="0" tests="1"
	name="com.cucumber.TestRunner.UserRecentCertificateGenerationsandVerificationsSendMailRunner"
	time="20.053" errors="0" timestamp="13 Feb 2024 11:51:30 GMT">
	<testcase
		classname="com.cucumber.TestRunner.UserRecentCertificateGenerationsandVerificationsSendMailRunner"
		name="feature" time="20.053" />
</testsuite> <!--
com.cucumber.TestRunner.UserRecentCertificateGenerationsandVerificationsSendMailRunner -->
