<?xml version="1.0" encoding="UTF-8"?>
<!-- Generated by org.testng.reporters.JUnitReportReporter -->
<testsuite hostname="DESKTOP-DSBT63E" failures="0" tests="1" name="com.cucumber.TestRunner.AdminAddCertificateNameRunner" time="25.653" errors="0" timestamp="26 Mar 2024 09:32:59 GMT">
  <testcase classname="com.cucumber.TestRunner.AdminAddCertificateNameRunner" name="feature" time="25.653"/>
</testsuite> <!-- com.cucumber.TestRunner.AdminAddCertificateNameRunner -->
