<?xml version="1.0" encoding="UTF-8"?>
<!-- Generated by org.testng.reporters.JUnitReportReporter -->
<testsuite hostname="DESKTOP-DSBT63E" failures="0" tests="1" name="com.cucumber.TestRunner.AdminChangePasswordRunner" time="31.747" errors="0" timestamp="14 Mar 2024 07:33:31 GMT">
  <testcase classname="com.cucumber.TestRunner.AdminChangePasswordRunner" name="feature" time="31.747"/>
</testsuite> <!-- com.cucumber.TestRunner.AdminChangePasswordRunner -->
