<?xml version="1.0" encoding="UTF-8"?>
<!-- Generated by org.testng.reporters.JUnitReportReporter -->
<testsuite hostname="DESKTOP-DSBT63E" failures="0" tests="1" name="com.cucumber.TestRunner.UserGuidelinesRunner" time="32.093" errors="0" timestamp="19 Mar 2024 12:54:43 GMT">
  <testcase classname="com.cucumber.TestRunner.UserGuidelinesRunner" name="feature" time="32.093"/>
</testsuite> <!-- com.cucumber.TestRunner.UserGuidelinesRunner -->
