<?xml version="1.0" encoding="UTF-8"?>
<!-- Generated by org.testng.reporters.JUnitReportReporter -->
<testsuite hostname="DESKTOP-DSBT63E" failures="0" tests="1" name="com.cucumber.TestRunner.OrgMgmtChangePasswordRunner" time="53.162" errors="0" timestamp="14 Mar 2024 05:10:29 GMT">
  <testcase classname="com.cucumber.TestRunner.OrgMgmtChangePasswordRunner" name="feature" time="53.162"/>
</testsuite> <!-- com.cucumber.TestRunner.OrgMgmtChangePasswordRunner -->
