<?xml version="1.0" encoding="UTF-8"?>
<!-- Generated by org.testng.reporters.JUnitReportReporter -->
<testsuite hostname="DESKTOP-DSBT63E" failures="0" tests="1" name="com.cucumber.TestRunner.UserGenSingleByUploadingJPGfileRunner" time="44.028" errors="0" timestamp="15 Mar 2024 07:32:34 GMT">
  <testcase classname="com.cucumber.TestRunner.UserGenSingleByUploadingJPGfileRunner" name="feature" time="44.028"/>
</testsuite> <!-- com.cucumber.TestRunner.UserGenSingleByUploadingJPGfileRunner -->
