<?xml version="1.0" encoding="UTF-8"?>
<!-- Generated by org.testng.reporters.JUnitReportReporter -->
<testsuite hostname="DESKTOP-DSBT63E" failures="0" tests="1" name="com.cucumber.TestRunner.UserApplicationTitleRunner" time="8.942" errors="0" timestamp="14 Mar 2024 11:00:07 GMT">
  <testcase classname="com.cucumber.TestRunner.UserApplicationTitleRunner" name="feature" time="8.942"/>
</testsuite> <!-- com.cucumber.TestRunner.UserApplicationTitleRunner -->
