<?xml version="1.0" encoding="UTF-8"?>
<!-- Generated by org.testng.reporters.JUnitReportReporter -->
<testsuite hostname="DESKTOP-DSBT63E" failures="0" tests="1" name="com.cucumber.TestRunner.UserRecentCertificateGenerationsandVerificationsOriginalCertificatesRunner" time="21.354" errors="0" timestamp="15 Mar 2024 12:29:39 GMT">
  <testcase classname="com.cucumber.TestRunner.UserRecentCertificateGenerationsandVerificationsOriginalCertificatesRunner" name="feature" time="21.354"/>
</testsuite> <!-- com.cucumber.TestRunner.UserRecentCertificateGenerationsandVerificationsOriginalCertificatesRunner -->
