<?xml version="1.0" encoding="UTF-8"?>
<!-- Generated by org.testng.reporters.JUnitReportReporter -->
<testsuite hostname="DESKTOP-DSBT63E" failures="0" tests="1" name="com.cucumber.TestRunner.UserInternalPrintingCSVFileStudentEmailWithoutSpecialCharectersRunner" time="18.318" errors="0" timestamp="15 Mar 2024 09:17:26 GMT">
  <testcase classname="com.cucumber.TestRunner.UserInternalPrintingCSVFileStudentEmailWithoutSpecialCharectersRunner" name="feature" time="18.318"/>
</testsuite> <!-- com.cucumber.TestRunner.UserInternalPrintingCSVFileStudentEmailWithoutSpecialCharectersRunner -->
