<?xml version="1.0" encoding="UTF-8"?>
<!-- Generated by org.testng.reporters.JUnitReportReporter -->
<testsuite hostname="DESKTOP-DSBT63E" failures="0" tests="1" name="com.cucumber.TestRunner.AdminAddCertificateNameRunner" time="25.595" errors="0" timestamp="14 Mar 2024 07:29:14 GMT">
  <testcase classname="com.cucumber.TestRunner.AdminAddCertificateNameRunner" name="feature" time="25.595"/>
</testsuite> <!-- com.cucumber.TestRunner.AdminAddCertificateNameRunner -->
