<?xml version="1.0" encoding="UTF-8"?>
<!-- Generated by org.testng.reporters.JUnitReportReporter -->
<testsuite hostname="DESKTOP-DSBT63E" failures="0" tests="1" name="com.cucumber.TestRunner.OrgMgmtLaunchTheApplicationRunner" time="0.107" errors="0" timestamp="14 Mar 2024 05:10:29 GMT">
  <testcase classname="com.cucumber.TestRunner.OrgMgmtLaunchTheApplicationRunner" name="feature" time="0.107"/>
</testsuite> <!-- com.cucumber.TestRunner.OrgMgmtLaunchTheApplicationRunner -->
