<?xml version="1.0" encoding="UTF-8"?>
<!-- Generated by org.testng.reporters.JUnitReportReporter -->
<testsuite hostname="DESKTOP-DSBT63E" failures="0" tests="1" name="com.cucumber.TestRunner.AdminCreditsListRunner" time="14.590" errors="0" timestamp="20 Mar 2024 05:58:19 GMT">
  <testcase classname="com.cucumber.TestRunner.AdminCreditsListRunner" name="feature" time="14.590"/>
</testsuite> <!-- com.cucumber.TestRunner.AdminCreditsListRunner -->
