<?xml version="1.0" encoding="UTF-8"?>
<!-- Generated by org.testng.reporters.JUnitReportReporter -->
<testsuite hostname="DESKTOP-DSBT63E" failures="0" tests="1" name="com.cucumber.TestRunner.OrgSalesViewInstitutionsRunner" time="78.047" errors="0" timestamp="14 Mar 2024 05:19:09 GMT">
  <testcase classname="com.cucumber.TestRunner.OrgSalesViewInstitutionsRunner" name="feature" time="78.047"/>
</testsuite> <!-- com.cucumber.TestRunner.OrgSalesViewInstitutionsRunner -->
