<?xml version="1.0" encoding="UTF-8"?>
<!-- Generated by org.testng.reporters.JUnitReportReporter -->
<testsuite hostname="DESKTOP-DSBT63E" failures="0" tests="1" name="com.cucumber.TestRunner.UserGenSingleMobileWithless10digitsRunner" time="32.965" errors="0" timestamp="15 Mar 2024 07:45:32 GMT">
  <testcase classname="com.cucumber.TestRunner.UserGenSingleMobileWithless10digitsRunner" name="feature" time="32.965"/>
</testsuite> <!-- com.cucumber.TestRunner.UserGenSingleMobileWithless10digitsRunner -->
