<?xml version="1.0" encoding="UTF-8"?>
<!-- Generated by org.testng.reporters.JUnitReportReporter -->
<testsuite hostname="DESKTOP-DSBT63E" failures="0" tests="1" name="com.cucumber.TestRunner.UserBulkByUploadingPDFfileRunner" time="21.913" errors="0" timestamp="14 Mar 2024 12:35:59 GMT">
  <testcase classname="com.cucumber.TestRunner.UserBulkByUploadingPDFfileRunner" name="feature" time="21.913"/>
</testsuite> <!-- com.cucumber.TestRunner.UserBulkByUploadingPDFfileRunner -->
