<?xml version="1.0" encoding="UTF-8"?>
<!-- Generated by org.testng.reporters.JUnitReportReporter -->
<testsuite hostname="DESKTOP-DSBT63E" failures="0" tests="1" name="com.cucumber.TestRunner.AdminVerificationURLRunner" time="13.539" errors="0" timestamp="14 Mar 2024 10:13:16 GMT">
  <testcase classname="com.cucumber.TestRunner.AdminVerificationURLRunner" name="feature" time="13.539"/>
</testsuite> <!-- com.cucumber.TestRunner.AdminVerificationURLRunner -->
