<?xml version="1.0" encoding="UTF-8"?>
<!-- Generated by org.testng.reporters.JUnitReportReporter -->
<testsuite hostname="DESKTOP-DSBT63E" failures="0" tests="1" name="com.cucumber.TestRunner.UserWelcomeTextRunner" time="12.168" errors="0" timestamp="14 Mar 2024 10:44:08 GMT">
  <testcase classname="com.cucumber.TestRunner.UserWelcomeTextRunner" name="feature" time="12.168"/>
</testsuite> <!-- com.cucumber.TestRunner.UserWelcomeTextRunner -->
