<?xml version="1.0" encoding="UTF-8"?>
<!-- Generated by org.testng.reporters.JUnitReportReporter -->
<testsuite hostname="DESKTOP-DSBT63E" failures="0" tests="1" name="com.cucumber.TestRunner.AdminRecentCertificateGenerationsRecallRunner" time="21.573" errors="0" timestamp="14 Mar 2024 09:58:16 GMT">
  <testcase classname="com.cucumber.TestRunner.AdminRecentCertificateGenerationsRecallRunner" name="feature" time="21.573"/>
</testsuite> <!-- com.cucumber.TestRunner.AdminRecentCertificateGenerationsRecallRunner -->
