<?xml version="1.0" encoding="UTF-8"?>
<!-- Generated by org.testng.reporters.JUnitReportReporter -->
<testsuite hostname="DESKTOP-DSBT63E" failures="0" tests="1" name="com.cucumber.TestRunner.UserGenSingleMobileWithAbove10digitsRunner" time="32.980" errors="0" timestamp="15 Mar 2024 07:41:21 GMT">
  <testcase classname="com.cucumber.TestRunner.UserGenSingleMobileWithAbove10digitsRunner" name="feature" time="32.980"/>
</testsuite> <!-- com.cucumber.TestRunner.UserGenSingleMobileWithAbove10digitsRunner -->
