<?xml version="1.0" encoding="UTF-8"?>
<!-- Generated by org.testng.reporters.JUnitReportReporter -->
<testsuite hostname="DESKTOP-DSBT63E" failures="0" tests="1" name="com.cucumber.TestRunner.AdminRegistrationRunner" time="28.861" errors="0" timestamp="14 Mar 2024 10:05:13 GMT">
  <testcase classname="com.cucumber.TestRunner.AdminRegistrationRunner" name="feature" time="28.861"/>
</testsuite> <!-- com.cucumber.TestRunner.AdminRegistrationRunner -->
